<?xml version="1.0" encoding="UTF-8"?>
<!-- Generated by org.testng.reporters.JUnitReportReporter -->
<testsuite hostname="Nihal" failures="0" tests="1" name="Spec_Builder" time="1.896" errors="0" timestamp="2024-03-14T17:30:34 IST" skipped="0">
  <testcase classname="Spec_Builder" name="Request_Builder" time="1.896"/>
</testsuite> <!-- Spec_Builder -->
