<?xml version="1.0" encoding="UTF-8"?>
<!-- Generated by org.testng.reporters.JUnitReportReporter -->
<testsuite hostname="Nihal" failures="0" tests="1" name="serialization_POJO.Serialization_GoogleMap" time="2.671" errors="0" timestamp="2024-03-14T09:29:30 IST" skipped="0">
  <testcase classname="serialization_POJO.Serialization_GoogleMap" name="GoogleMap" time="2.671"/>
</testsuite> <!-- serialization_POJO.Serialization_GoogleMap -->
